<?xml version="1.0" encoding="UTF-8"?>
<!-- Generated by org.testng.reporters.JUnitReportReporter -->
<testsuite hostname="SandeePooja" name="com.acti.base.DriverScript" tests="1" failures="0" timestamp="16 Aug 2021 16:02:19 GMT" time="3.925" errors="0">
  <testcase name="initApplicatio" time="3.925" classname="com.acti.base.DriverScript"/>
</testsuite> <!-- com.acti.base.DriverScript -->
