<?xml version="1.0" encoding="UTF-8"?>
<!-- Generated by org.testng.reporters.JUnitReportReporter -->
<testsuite hostname="SandeePooja" name="com.acti.testcase.BaseTest" tests="2" failures="0" timestamp="19 Aug 2021 18:07:06 GMT" time="8.502" errors="0">
  <testcase name="quitApplication" time="2.639" classname="com.acti.testcase.BaseTest"/>
  <testcase name="initApplicatio" time="5.863" classname="com.acti.testcase.BaseTest"/>
</testsuite> <!-- com.acti.testcase.BaseTest -->
